[.2025-07-24 22:29:14,494]1026httpx -INFO-HTTP Request: GET https://dagshub.com/api/v1/user "HTTP/1.1 200 OK"
[.2025-07-24 22:29:14,509]107dagshub -INFO-Accessing as BALAKA-BHUVANESWARI
[.2025-07-24 22:29:15,967]1026httpx -INFO-HTTP Request: GET https://dagshub.com/api/v1/repos/BALAKA-BHUVANESWARI/Network-Security "HTTP/1.1 200 OK"
[.2025-07-24 22:29:17,433]1026httpx -INFO-HTTP Request: GET https://dagshub.com/api/v1/user "HTTP/1.1 200 OK"
[.2025-07-24 22:29:17,439]107dagshub -INFO-Initialized MLflow to track repo "BALAKA-BHUVANESWARI/Network-Security"
[.2025-07-24 22:29:17,439]107dagshub -INFO-Repository BALAKA-BHUVANESWARI/Network-Security initialized!
[.2025-07-24 22:29:17,441]22root -INFO-Initiate the data ingestion
[.2025-07-24 22:29:22,788]68root -INFO-Performed train test split on the dataframe
[.2025-07-24 22:29:22,788]70root -INFO-Exited split_data_as_train_test method of Data_Ingestion class
[.2025-07-24 22:29:22,793]78root -INFO-Exporting train and test file path.
[.2025-07-24 22:29:22,990]87root -INFO-Exported train and test file path.
[.2025-07-24 22:29:22,990]24root -INFO-Data Initiation Completed
[.2025-07-24 22:29:23,047]28root -INFO-Initiate the data Validation
[.2025-07-24 22:29:23,311]32root -INFO-Required number of columns:2
[.2025-07-24 22:29:23,311]33root -INFO-Data frame has columns:31
[.2025-07-24 22:29:23,311]32root -INFO-Required number of columns:2
[.2025-07-24 22:29:23,311]33root -INFO-Data frame has columns:31
[.2025-07-24 22:29:23,948]30root -INFO-data Validation Completed
[.2025-07-24 22:29:23,949]33root -INFO-data Transformation started
[.2025-07-24 22:29:23,949]63root -INFO-Entered initiate_data_transformation method of DataTransformation class
[.2025-07-24 22:29:23,949]65root -INFO-Starting data transformation
[.2025-07-24 22:29:24,044]48root -INFO-Entered get_data_trnasformer_object method of Trnasformation class
[.2025-07-24 22:29:24,044]53root -INFO-Initialise KNNImputer with {'missing_values': nan, 'n_neighbors': 3, 'weights': 'uniform'}
[.2025-07-24 22:29:24,077]49root -INFO-Entered the save_object method of MainUtils class
[.2025-07-24 22:29:24,084]53root -INFO-Exited the save_object method of MainUtils class
[.2025-07-24 22:29:24,084]49root -INFO-Entered the save_object method of MainUtils class
[.2025-07-24 22:29:24,095]53root -INFO-Exited the save_object method of MainUtils class
[.2025-07-24 22:29:24,100]37root -INFO-data Transformation completed
[.2025-07-24 22:29:24,100]39root -INFO-Model Training sstared
[.2025-07-24 22:29:24,100]43root -INFO-Model Training artifact created
