[.2025-07-24 18:55:49,087]1026httpx -INFO-HTTP Request: GET https://dagshub.com/api/v1/user "HTTP/1.1 200 OK"
[.2025-07-24 18:55:49,092]107dagshub -INFO-Accessing as BALAKA-BHUVANESWARI
[.2025-07-24 18:55:49,842]1026httpx -INFO-HTTP Request: GET https://dagshub.com/api/v1/repos/BALAKA-BHUVANESWARI/Network-Security "HTTP/1.1 200 OK"
[.2025-07-24 18:55:50,471]1026httpx -INFO-HTTP Request: GET https://dagshub.com/api/v1/user "HTTP/1.1 200 OK"
[.2025-07-24 18:55:50,473]107dagshub -INFO-Initialized MLflow to track repo "BALAKA-BHUVANESWARI/Network-Security"
[.2025-07-24 18:55:50,474]107dagshub -INFO-Repository BALAKA-BHUVANESWARI/Network-Security initialized!
[.2025-07-24 18:55:50,474]22root -INFO-Initiate the data ingestion
[.2025-07-24 18:55:57,098]68root -INFO-Performed train test split on the dataframe
[.2025-07-24 18:55:57,099]70root -INFO-Exited split_data_as_train_test method of Data_Ingestion class
[.2025-07-24 18:55:57,099]78root -INFO-Exporting train and test file path.
[.2025-07-24 18:55:57,158]87root -INFO-Exported train and test file path.
[.2025-07-24 18:55:57,159]24root -INFO-Data Initiation Completed
[.2025-07-24 18:55:57,167]28root -INFO-Initiate the data Validation
[.2025-07-24 18:55:57,260]32root -INFO-Required number of columns:2
[.2025-07-24 18:55:57,260]33root -INFO-Data frame has columns:31
[.2025-07-24 18:55:57,260]32root -INFO-Required number of columns:2
[.2025-07-24 18:55:57,260]33root -INFO-Data frame has columns:31
[.2025-07-24 18:55:57,464]30root -INFO-data Validation Completed
[.2025-07-24 18:55:57,464]33root -INFO-data Transformation started
[.2025-07-24 18:55:57,464]63root -INFO-Entered initiate_data_transformation method of DataTransformation class
[.2025-07-24 18:55:57,464]65root -INFO-Starting data transformation
[.2025-07-24 18:55:57,513]48root -INFO-Entered get_data_trnasformer_object method of Trnasformation class
[.2025-07-24 18:55:57,514]53root -INFO-Initialise KNNImputer with {'missing_values': nan, 'n_neighbors': 3, 'weights': 'uniform'}
[.2025-07-24 18:55:57,530]49root -INFO-Entered the save_object method of MainUtils class
[.2025-07-24 18:55:57,535]53root -INFO-Exited the save_object method of MainUtils class
[.2025-07-24 18:55:57,535]49root -INFO-Entered the save_object method of MainUtils class
[.2025-07-24 18:55:57,541]53root -INFO-Exited the save_object method of MainUtils class
[.2025-07-24 18:55:57,544]37root -INFO-data Transformation completed
[.2025-07-24 18:55:57,544]39root -INFO-Model Training sstared
[.2025-07-24 18:55:57,544]43root -INFO-Model Training artifact created
