[.2025-07-25 19:09:33,044]1026httpx -INFO-HTTP Request: GET https://dagshub.com/api/v1/user "HTTP/1.1 200 OK"
[.2025-07-25 19:09:33,055]107dagshub -INFO-Accessing as BALAKA-BHUVANESWARI
[.2025-07-25 19:09:33,829]1026httpx -INFO-HTTP Request: GET https://dagshub.com/api/v1/repos/BALAKA-BHUVANESWARI/Network-Security "HTTP/1.1 200 OK"
[.2025-07-25 19:09:34,527]1026httpx -INFO-HTTP Request: GET https://dagshub.com/api/v1/user "HTTP/1.1 200 OK"
[.2025-07-25 19:09:34,531]107dagshub -INFO-Initialized MLflow to track repo "BALAKA-BHUVANESWARI/Network-Security"
[.2025-07-25 19:09:34,533]107dagshub -INFO-Repository BALAKA-BHUVANESWARI/Network-Security initialized!
[.2025-07-25 19:09:34,929]22root -INFO-Initiate the data ingestion
[.2025-07-25 19:09:38,611]68root -INFO-Performed train test split on the dataframe
[.2025-07-25 19:09:38,611]70root -INFO-Exited split_data_as_train_test method of Data_Ingestion class
[.2025-07-25 19:09:38,611]78root -INFO-Exporting train and test file path.
[.2025-07-25 19:09:38,680]87root -INFO-Exported train and test file path.
[.2025-07-25 19:09:38,680]24root -INFO-Data Initiation Completed
[.2025-07-25 19:09:38,720]28root -INFO-Initiate the data Validation
[.2025-07-25 19:09:38,841]32root -INFO-Required number of columns:2
[.2025-07-25 19:09:38,841]33root -INFO-Data frame has columns:31
[.2025-07-25 19:09:38,841]32root -INFO-Required number of columns:2
[.2025-07-25 19:09:38,841]33root -INFO-Data frame has columns:31
[.2025-07-25 19:09:39,016]30root -INFO-data Validation Completed
[.2025-07-25 19:09:39,016]33root -INFO-data Transformation started
[.2025-07-25 19:09:39,018]63root -INFO-Entered initiate_data_transformation method of DataTransformation class
[.2025-07-25 19:09:39,018]65root -INFO-Starting data transformation
[.2025-07-25 19:09:39,044]48root -INFO-Entered get_data_trnasformer_object method of Trnasformation class
[.2025-07-25 19:09:39,044]53root -INFO-Initialise KNNImputer with {'missing_values': nan, 'n_neighbors': 3, 'weights': 'uniform'}
[.2025-07-25 19:09:39,053]49root -INFO-Entered the save_object method of MainUtils class
[.2025-07-25 19:09:39,068]53root -INFO-Exited the save_object method of MainUtils class
[.2025-07-25 19:09:39,068]49root -INFO-Entered the save_object method of MainUtils class
[.2025-07-25 19:09:39,076]53root -INFO-Exited the save_object method of MainUtils class
[.2025-07-25 19:09:39,078]37root -INFO-data Transformation completed
[.2025-07-25 19:09:39,078]39root -INFO-Model Training sstared
[.2025-07-25 19:17:36,774]874urllib3.connectionpool -WARNING-Retrying (Retry(total=6, connect=7, read=6, redirect=7, status=7)) after connection broken by 'RemoteDisconnected('Remote end closed connection without response')': /BALAKA-BHUVANESWARI/Network-Security.mlflow/api/2.0/mlflow/runs/create
