[.2025-07-28 01:14:12,168]1026httpx -INFO-HTTP Request: GET https://dagshub.com/api/v1/user "HTTP/1.1 200 OK"
[.2025-07-28 01:14:12,168]107dagshub -INFO-Accessing as BALAKA-BHUVANESWARI
[.2025-07-28 01:14:12,904]1026httpx -INFO-HTTP Request: GET https://dagshub.com/api/v1/repos/BALAKA-BHUVANESWARI/Network-Security "HTTP/1.1 200 OK"
[.2025-07-28 01:14:13,621]1026httpx -INFO-HTTP Request: GET https://dagshub.com/api/v1/user "HTTP/1.1 200 OK"
[.2025-07-28 01:14:13,621]107dagshub -INFO-Initialized MLflow to track repo "BALAKA-BHUVANESWARI/Network-Security"
[.2025-07-28 01:14:13,621]107dagshub -INFO-Repository BALAKA-BHUVANESWARI/Network-Security initialized!
[.2025-07-28 01:14:20,274]42root -INFO-Start data Ingestion
[.2025-07-28 01:14:22,803]68root -INFO-Performed train test split on the dataframe
[.2025-07-28 01:14:22,803]70root -INFO-Exited split_data_as_train_test method of Data_Ingestion class
[.2025-07-28 01:14:22,819]78root -INFO-Exporting train and test file path.
[.2025-07-28 01:14:22,870]87root -INFO-Exported train and test file path.
[.2025-07-28 01:14:22,870]45root -INFO-Data Ingestion completed and artifact: DataIngestionArtifact(trained_file_path='Artifacts\\07_28_2025_01_14_04\\data_ingestion\\ingested\\train.csv', test_file_path='Artifacts\\07_28_2025_01_14_04\\data_ingestion\\ingested\\test.csv')
[.2025-07-28 01:14:22,900]55root -INFO-Initiate the data Validation
[.2025-07-28 01:14:23,050]32root -INFO-Required number of columns:2
[.2025-07-28 01:14:23,050]33root -INFO-Data frame has columns:31
[.2025-07-28 01:14:23,050]32root -INFO-Required number of columns:2
[.2025-07-28 01:14:23,050]33root -INFO-Data frame has columns:31
[.2025-07-28 01:14:23,254]63root -INFO-Entered initiate_data_transformation method of DataTransformation class
[.2025-07-28 01:14:23,254]65root -INFO-Starting data transformation
[.2025-07-28 01:14:23,287]48root -INFO-Entered get_data_trnasformer_object method of Trnasformation class
[.2025-07-28 01:14:23,287]53root -INFO-Initialise KNNImputer with {'missing_values': nan, 'n_neighbors': 3, 'weights': 'uniform'}
[.2025-07-28 01:14:23,346]49root -INFO-Entered the save_object method of MainUtils class
[.2025-07-28 01:14:23,353]53root -INFO-Exited the save_object method of MainUtils class
[.2025-07-28 01:14:23,353]49root -INFO-Entered the save_object method of MainUtils class
[.2025-07-28 01:14:23,405]53root -INFO-Exited the save_object method of MainUtils class
[.2025-07-28 01:18:53,387]874urllib3.connectionpool -WARNING-Retrying (Retry(total=6, connect=7, read=6, redirect=7, status=7)) after connection broken by 'RemoteDisconnected('Remote end closed connection without response')': /BALAKA-BHUVANESWARI/Network-Security.mlflow/api/2.0/mlflow/runs/create
[.2025-07-28 01:19:58,856]49root -INFO-Entered the save_object method of MainUtils class
[.2025-07-28 01:19:58,856]53root -INFO-Exited the save_object method of MainUtils class
[.2025-07-28 01:19:58,856]49root -INFO-Entered the save_object method of MainUtils class
[.2025-07-28 01:19:58,978]53root -INFO-Exited the save_object method of MainUtils class
[.2025-07-28 01:19:58,978]157root -INFO-Model trainer artifact: ModelTrainerArtifact(trained_model_file_path='Artifacts\\07_28_2025_01_14_04\\model_trainer\\trained_model\\model.pkl', train_metric_artifact=ClassificationMetricArtifact(f1_score=0.9908703590992087, precision_score=0.9882638607851072, recall_score=0.9934906427990235), test_metric_artifact=ClassificationMetricArtifact(f1_score=0.9784688995215312, precision_score=0.9684293606945541, recall_score=0.9887187751813054))
