[.2025-07-24 18:37:53,422]1026httpx -INFO-HTTP Request: GET https://dagshub.com/api/v1/user "HTTP/1.1 200 OK"
[.2025-07-24 18:37:53,443]107dagshub -INFO-Accessing as BALAKA-BHUVANESWARI
[.2025-07-24 18:37:54,022]1026httpx -INFO-HTTP Request: GET https://dagshub.com/api/v1/repos/BALAKA-BHUVANESWARI/Network-Security "HTTP/1.1 200 OK"
[.2025-07-24 18:37:54,565]1026httpx -INFO-HTTP Request: GET https://dagshub.com/api/v1/user "HTTP/1.1 200 OK"
[.2025-07-24 18:37:54,567]107dagshub -INFO-Initialized MLflow to track repo "BALAKA-BHUVANESWARI/Network-Security"
[.2025-07-24 18:37:54,569]107dagshub -INFO-Repository BALAKA-BHUVANESWARI/Network-Security initialized!
[.2025-07-24 18:37:54,569]22root -INFO-Initiate the data ingestion
[.2025-07-24 18:37:57,114]68root -INFO-Performed train test split on the dataframe
[.2025-07-24 18:37:57,114]70root -INFO-Exited split_data_as_train_test method of Data_Ingestion class
[.2025-07-24 18:37:57,114]78root -INFO-Exporting train and test file path.
[.2025-07-24 18:37:57,156]87root -INFO-Exported train and test file path.
[.2025-07-24 18:37:57,156]24root -INFO-Data Initiation Completed
[.2025-07-24 18:37:57,156]28root -INFO-Initiate the data Validation
[.2025-07-24 18:37:57,226]32root -INFO-Required number of columns:2
[.2025-07-24 18:37:57,227]33root -INFO-Data frame has columns:31
[.2025-07-24 18:37:57,227]32root -INFO-Required number of columns:2
[.2025-07-24 18:37:57,227]33root -INFO-Data frame has columns:31
[.2025-07-24 18:37:57,376]30root -INFO-data Validation Completed
[.2025-07-24 18:37:57,377]33root -INFO-data Transformation started
[.2025-07-24 18:37:57,377]63root -INFO-Entered initiate_data_transformation method of DataTransformation class
[.2025-07-24 18:37:57,377]65root -INFO-Starting data transformation
[.2025-07-24 18:37:57,403]48root -INFO-Entered get_data_trnasformer_object method of Trnasformation class
[.2025-07-24 18:37:57,403]53root -INFO-Initialise KNNImputer with {'missing_values': nan, 'n_neighbors': 3, 'weights': 'uniform'}
[.2025-07-24 18:37:57,409]49root -INFO-Entered the save_object method of MainUtils class
[.2025-07-24 18:37:57,422]53root -INFO-Exited the save_object method of MainUtils class
[.2025-07-24 18:37:57,422]49root -INFO-Entered the save_object method of MainUtils class
[.2025-07-24 18:37:57,423]53root -INFO-Exited the save_object method of MainUtils class
[.2025-07-24 18:37:57,423]37root -INFO-data Transformation completed
[.2025-07-24 18:37:57,423]39root -INFO-Model Training sstared
