[.2025-07-25 00:26:39,593]1026httpx -INFO-HTTP Request: GET https://dagshub.com/api/v1/user "HTTP/1.1 200 OK"
[.2025-07-25 00:26:39,606]107dagshub -INFO-Accessing as BALAKA-BHUVANESWARI
[.2025-07-25 00:26:40,762]1026httpx -INFO-HTTP Request: GET https://dagshub.com/api/v1/repos/BALAKA-BHUVANESWARI/Network-Security "HTTP/1.1 200 OK"
[.2025-07-25 00:26:41,913]1026httpx -INFO-HTTP Request: GET https://dagshub.com/api/v1/user "HTTP/1.1 200 OK"
[.2025-07-25 00:26:41,917]107dagshub -INFO-Initialized MLflow to track repo "BALAKA-BHUVANESWARI/Network-Security"
[.2025-07-25 00:26:41,918]107dagshub -INFO-Repository BALAKA-BHUVANESWARI/Network-Security initialized!
[.2025-07-25 00:26:41,918]22root -INFO-Initiate the data ingestion
[.2025-07-25 00:26:44,155]68root -INFO-Performed train test split on the dataframe
[.2025-07-25 00:26:44,155]70root -INFO-Exited split_data_as_train_test method of Data_Ingestion class
[.2025-07-25 00:26:44,155]78root -INFO-Exporting train and test file path.
[.2025-07-25 00:26:44,248]87root -INFO-Exported train and test file path.
[.2025-07-25 00:26:44,249]24root -INFO-Data Initiation Completed
[.2025-07-25 00:26:44,298]28root -INFO-Initiate the data Validation
[.2025-07-25 00:26:44,396]32root -INFO-Required number of columns:2
[.2025-07-25 00:26:44,397]33root -INFO-Data frame has columns:31
[.2025-07-25 00:26:44,397]32root -INFO-Required number of columns:2
[.2025-07-25 00:26:44,397]33root -INFO-Data frame has columns:31
[.2025-07-25 00:26:44,737]30root -INFO-data Validation Completed
[.2025-07-25 00:26:44,738]33root -INFO-data Transformation started
[.2025-07-25 00:26:44,738]63root -INFO-Entered initiate_data_transformation method of DataTransformation class
[.2025-07-25 00:26:44,738]65root -INFO-Starting data transformation
[.2025-07-25 00:26:44,774]48root -INFO-Entered get_data_trnasformer_object method of Trnasformation class
[.2025-07-25 00:26:44,774]53root -INFO-Initialise KNNImputer with {'missing_values': nan, 'n_neighbors': 3, 'weights': 'uniform'}
[.2025-07-25 00:26:44,795]49root -INFO-Entered the save_object method of MainUtils class
[.2025-07-25 00:26:44,802]53root -INFO-Exited the save_object method of MainUtils class
[.2025-07-25 00:26:44,802]49root -INFO-Entered the save_object method of MainUtils class
[.2025-07-25 00:26:44,805]53root -INFO-Exited the save_object method of MainUtils class
[.2025-07-25 00:26:44,807]37root -INFO-data Transformation completed
[.2025-07-25 00:26:44,808]39root -INFO-Model Training sstared
