[.2025-07-25 19:24:33,815]1026httpx -INFO-HTTP Request: GET https://dagshub.com/api/v1/user "HTTP/1.1 200 OK"
[.2025-07-25 19:24:33,829]107dagshub -INFO-Accessing as BALAKA-BHUVANESWARI
[.2025-07-25 19:24:34,682]1026httpx -INFO-HTTP Request: GET https://dagshub.com/api/v1/repos/BALAKA-BHUVANESWARI/Network-Security "HTTP/1.1 200 OK"
[.2025-07-25 19:24:35,527]1026httpx -INFO-HTTP Request: GET https://dagshub.com/api/v1/user "HTTP/1.1 200 OK"
[.2025-07-25 19:24:35,529]107dagshub -INFO-Initialized MLflow to track repo "BALAKA-BHUVANESWARI/Network-Security"
[.2025-07-25 19:24:35,530]107dagshub -INFO-Repository BALAKA-BHUVANESWARI/Network-Security initialized!
[.2025-07-25 19:24:35,917]22root -INFO-Initiate the data ingestion
[.2025-07-25 19:24:38,833]68root -INFO-Performed train test split on the dataframe
[.2025-07-25 19:24:38,833]70root -INFO-Exited split_data_as_train_test method of Data_Ingestion class
[.2025-07-25 19:24:38,834]78root -INFO-Exporting train and test file path.
[.2025-07-25 19:24:38,939]87root -INFO-Exported train and test file path.
[.2025-07-25 19:24:38,940]24root -INFO-Data Initiation Completed
[.2025-07-25 19:24:38,949]28root -INFO-Initiate the data Validation
[.2025-07-25 19:24:39,054]32root -INFO-Required number of columns:2
[.2025-07-25 19:24:39,054]33root -INFO-Data frame has columns:31
[.2025-07-25 19:24:39,054]32root -INFO-Required number of columns:2
[.2025-07-25 19:24:39,054]33root -INFO-Data frame has columns:31
[.2025-07-25 19:24:39,347]30root -INFO-data Validation Completed
[.2025-07-25 19:24:39,347]33root -INFO-data Transformation started
[.2025-07-25 19:24:39,347]63root -INFO-Entered initiate_data_transformation method of DataTransformation class
[.2025-07-25 19:24:39,347]65root -INFO-Starting data transformation
[.2025-07-25 19:24:39,378]48root -INFO-Entered get_data_trnasformer_object method of Trnasformation class
[.2025-07-25 19:24:39,378]53root -INFO-Initialise KNNImputer with {'missing_values': nan, 'n_neighbors': 3, 'weights': 'uniform'}
[.2025-07-25 19:24:39,407]49root -INFO-Entered the save_object method of MainUtils class
[.2025-07-25 19:24:39,441]53root -INFO-Exited the save_object method of MainUtils class
[.2025-07-25 19:24:39,441]49root -INFO-Entered the save_object method of MainUtils class
[.2025-07-25 19:24:39,444]53root -INFO-Exited the save_object method of MainUtils class
[.2025-07-25 19:24:39,445]37root -INFO-data Transformation completed
[.2025-07-25 19:24:39,446]39root -INFO-Model Training sstared
[.2025-07-25 19:29:10,673]49root -INFO-Entered the save_object method of MainUtils class
[.2025-07-25 19:29:10,722]53root -INFO-Exited the save_object method of MainUtils class
[.2025-07-25 19:29:10,722]157root -INFO-Model trainer artifact: ModelTrainerArtifact(trained_model_file_path='Artifacts\\07_25_2025_19_24_24\\model_trainer\\trained_model\\model.pkl', train_metric_artifact=ClassificationMetricArtifact(f1_score=0.9915100060642814, precision_score=0.9889112903225806, recall_score=0.9941224158897446), test_metric_artifact=ClassificationMetricArtifact(f1_score=0.9771801140994295, precision_score=0.9740048740861088, recall_score=0.9803761242845462))
[.2025-07-25 19:29:10,724]43root -INFO-Model Training artifact created
