[.2025-07-28 01:47:50,957]1026httpx -INFO-HTTP Request: GET https://dagshub.com/api/v1/user "HTTP/1.1 200 OK"
[.2025-07-28 01:47:50,963]107dagshub -INFO-Accessing as BALAKA-BHUVANESWARI
[.2025-07-28 01:47:51,710]1026httpx -INFO-HTTP Request: GET https://dagshub.com/api/v1/repos/BALAKA-BHUVANESWARI/Network-Security "HTTP/1.1 200 OK"
[.2025-07-28 01:47:52,379]1026httpx -INFO-HTTP Request: GET https://dagshub.com/api/v1/user "HTTP/1.1 200 OK"
[.2025-07-28 01:47:52,379]107dagshub -INFO-Initialized MLflow to track repo "BALAKA-BHUVANESWARI/Network-Security"
[.2025-07-28 01:47:52,379]107dagshub -INFO-Repository BALAKA-BHUVANESWARI/Network-Security initialized!
[.2025-07-28 01:47:53,780]42root -INFO-Start data Ingestion
[.2025-07-28 01:47:56,617]68root -INFO-Performed train test split on the dataframe
[.2025-07-28 01:47:56,617]70root -INFO-Exited split_data_as_train_test method of Data_Ingestion class
[.2025-07-28 01:47:56,618]78root -INFO-Exporting train and test file path.
[.2025-07-28 01:47:56,728]87root -INFO-Exported train and test file path.
[.2025-07-28 01:47:56,728]45root -INFO-Data Ingestion completed and artifact: DataIngestionArtifact(trained_file_path='Artifacts\\07_28_2025_01_47_44\\data_ingestion\\ingested\\train.csv', test_file_path='Artifacts\\07_28_2025_01_47_44\\data_ingestion\\ingested\\test.csv')
[.2025-07-28 01:47:56,752]55root -INFO-Initiate the data Validation
[.2025-07-28 01:47:56,942]32root -INFO-Required number of columns:2
[.2025-07-28 01:47:56,942]33root -INFO-Data frame has columns:31
[.2025-07-28 01:47:56,942]32root -INFO-Required number of columns:2
[.2025-07-28 01:47:56,942]33root -INFO-Data frame has columns:31
[.2025-07-28 01:47:57,272]63root -INFO-Entered initiate_data_transformation method of DataTransformation class
[.2025-07-28 01:47:57,273]65root -INFO-Starting data transformation
[.2025-07-28 01:47:57,322]48root -INFO-Entered get_data_trnasformer_object method of Trnasformation class
[.2025-07-28 01:47:57,322]53root -INFO-Initialise KNNImputer with {'missing_values': nan, 'n_neighbors': 3, 'weights': 'uniform'}
[.2025-07-28 01:47:57,338]49root -INFO-Entered the save_object method of MainUtils class
[.2025-07-28 01:47:57,338]53root -INFO-Exited the save_object method of MainUtils class
[.2025-07-28 01:47:57,338]49root -INFO-Entered the save_object method of MainUtils class
[.2025-07-28 01:47:57,382]53root -INFO-Exited the save_object method of MainUtils class
[.2025-07-28 01:52:18,397]874urllib3.connectionpool -WARNING-Retrying (Retry(total=6, connect=7, read=6, redirect=7, status=7)) after connection broken by 'RemoteDisconnected('Remote end closed connection without response')': /BALAKA-BHUVANESWARI/Network-Security.mlflow/api/2.0/mlflow/runs/create
[.2025-07-28 01:53:11,885]49root -INFO-Entered the save_object method of MainUtils class
[.2025-07-28 01:53:11,885]53root -INFO-Exited the save_object method of MainUtils class
[.2025-07-28 01:53:11,885]49root -INFO-Entered the save_object method of MainUtils class
[.2025-07-28 01:53:12,214]53root -INFO-Exited the save_object method of MainUtils class
[.2025-07-28 01:53:12,214]157root -INFO-Model trainer artifact: ModelTrainerArtifact(trained_model_file_path='Artifacts\\07_28_2025_01_47_44\\model_trainer\\trained_model\\model.pkl', train_metric_artifact=ClassificationMetricArtifact(f1_score=0.9917322040734019, precision_score=0.9875502008032129, recall_score=0.995949777237748), test_metric_artifact=ClassificationMetricArtifact(f1_score=0.9720534629404617, precision_score=0.96, recall_score=0.9844134536505332))
