[.2025-07-25 20:01:03,355]1026httpx -INFO-HTTP Request: GET https://dagshub.com/api/v1/user "HTTP/1.1 200 OK"
[.2025-07-25 20:01:03,355]107dagshub -INFO-Accessing as BALAKA-BHUVANESWARI
[.2025-07-25 20:01:04,003]1026httpx -INFO-HTTP Request: GET https://dagshub.com/api/v1/repos/BALAKA-BHUVANESWARI/Network-Security "HTTP/1.1 200 OK"
[.2025-07-25 20:01:04,615]1026httpx -INFO-HTTP Request: GET https://dagshub.com/api/v1/user "HTTP/1.1 200 OK"
[.2025-07-25 20:01:04,617]107dagshub -INFO-Initialized MLflow to track repo "BALAKA-BHUVANESWARI/Network-Security"
[.2025-07-25 20:01:04,620]107dagshub -INFO-Repository BALAKA-BHUVANESWARI/Network-Security initialized!
[.2025-07-25 20:01:05,136]22root -INFO-Initiate the data ingestion
[.2025-07-25 20:01:07,648]68root -INFO-Performed train test split on the dataframe
[.2025-07-25 20:01:07,648]70root -INFO-Exited split_data_as_train_test method of Data_Ingestion class
[.2025-07-25 20:01:07,648]78root -INFO-Exporting train and test file path.
[.2025-07-25 20:01:07,700]87root -INFO-Exported train and test file path.
[.2025-07-25 20:01:07,700]24root -INFO-Data Initiation Completed
[.2025-07-25 20:01:07,719]28root -INFO-Initiate the data Validation
[.2025-07-25 20:01:07,821]32root -INFO-Required number of columns:2
[.2025-07-25 20:01:07,821]33root -INFO-Data frame has columns:31
[.2025-07-25 20:01:07,821]32root -INFO-Required number of columns:2
[.2025-07-25 20:01:07,821]33root -INFO-Data frame has columns:31
[.2025-07-25 20:01:07,989]30root -INFO-data Validation Completed
[.2025-07-25 20:01:07,989]33root -INFO-data Transformation started
[.2025-07-25 20:01:07,989]63root -INFO-Entered initiate_data_transformation method of DataTransformation class
[.2025-07-25 20:01:07,989]65root -INFO-Starting data transformation
[.2025-07-25 20:01:08,020]48root -INFO-Entered get_data_trnasformer_object method of Trnasformation class
[.2025-07-25 20:01:08,020]53root -INFO-Initialise KNNImputer with {'missing_values': nan, 'n_neighbors': 3, 'weights': 'uniform'}
[.2025-07-25 20:01:08,037]49root -INFO-Entered the save_object method of MainUtils class
[.2025-07-25 20:01:08,041]53root -INFO-Exited the save_object method of MainUtils class
[.2025-07-25 20:01:08,041]49root -INFO-Entered the save_object method of MainUtils class
[.2025-07-25 20:01:08,045]53root -INFO-Exited the save_object method of MainUtils class
[.2025-07-25 20:01:08,046]37root -INFO-data Transformation completed
[.2025-07-25 20:01:08,046]39root -INFO-Model Training sstared
[.2025-07-25 20:06:17,098]874urllib3.connectionpool -WARNING-Retrying (Retry(total=6, connect=7, read=6, redirect=7, status=7)) after connection broken by 'RemoteDisconnected('Remote end closed connection without response')': /BALAKA-BHUVANESWARI/Network-Security.mlflow/api/2.0/mlflow/runs/create
[.2025-07-25 20:07:03,592]49root -INFO-Entered the save_object method of MainUtils class
[.2025-07-25 20:07:03,593]53root -INFO-Exited the save_object method of MainUtils class
[.2025-07-25 20:07:03,593]157root -INFO-Model trainer artifact: ModelTrainerArtifact(trained_model_file_path='Artifacts\\07_25_2025_20_00_55\\model_trainer\\trained_model\\model.pkl', train_metric_artifact=ClassificationMetricArtifact(f1_score=0.9913793103448276, precision_score=0.9905849358974359, recall_score=0.9921749598715891), test_metric_artifact=ClassificationMetricArtifact(f1_score=0.9715740347899873, precision_score=0.9670608108108109, recall_score=0.9761295822676896))
[.2025-07-25 20:07:03,595]43root -INFO-Model Training artifact created
