[.2025-07-28 00:42:07,061]1026httpx -INFO-HTTP Request: GET https://dagshub.com/api/v1/user "HTTP/1.1 200 OK"
[.2025-07-28 00:42:07,070]107dagshub -INFO-Accessing as BALAKA-BHUVANESWARI
[.2025-07-28 00:42:07,744]1026httpx -INFO-HTTP Request: GET https://dagshub.com/api/v1/repos/BALAKA-BHUVANESWARI/Network-Security "HTTP/1.1 200 OK"
[.2025-07-28 00:42:08,394]1026httpx -INFO-HTTP Request: GET https://dagshub.com/api/v1/user "HTTP/1.1 200 OK"
[.2025-07-28 00:42:08,401]107dagshub -INFO-Initialized MLflow to track repo "BALAKA-BHUVANESWARI/Network-Security"
[.2025-07-28 00:42:08,401]107dagshub -INFO-Repository BALAKA-BHUVANESWARI/Network-Security initialized!
[.2025-07-28 00:42:39,239]42root -INFO-Start data Ingestion
[.2025-07-28 00:42:44,093]68root -INFO-Performed train test split on the dataframe
[.2025-07-28 00:42:44,093]70root -INFO-Exited split_data_as_train_test method of Data_Ingestion class
[.2025-07-28 00:42:44,125]78root -INFO-Exporting train and test file path.
[.2025-07-28 00:42:44,351]87root -INFO-Exported train and test file path.
[.2025-07-28 00:42:44,358]45root -INFO-Data Ingestion completed and artifact: DataIngestionArtifact(trained_file_path='Artifacts\\07_28_2025_00_41_40\\data_ingestion\\ingested\\train.csv', test_file_path='Artifacts\\07_28_2025_00_41_40\\data_ingestion\\ingested\\test.csv')
[.2025-07-28 00:42:44,441]55root -INFO-Initiate the data Validation
[.2025-07-28 00:42:44,648]32root -INFO-Required number of columns:2
[.2025-07-28 00:42:44,648]33root -INFO-Data frame has columns:31
[.2025-07-28 00:42:44,650]32root -INFO-Required number of columns:2
[.2025-07-28 00:42:44,650]33root -INFO-Data frame has columns:31
[.2025-07-28 00:42:45,233]63root -INFO-Entered initiate_data_transformation method of DataTransformation class
[.2025-07-28 00:42:45,233]65root -INFO-Starting data transformation
[.2025-07-28 00:42:45,323]48root -INFO-Entered get_data_trnasformer_object method of Trnasformation class
[.2025-07-28 00:42:45,323]53root -INFO-Initialise KNNImputer with {'missing_values': nan, 'n_neighbors': 3, 'weights': 'uniform'}
[.2025-07-28 00:42:45,416]49root -INFO-Entered the save_object method of MainUtils class
[.2025-07-28 00:42:45,426]53root -INFO-Exited the save_object method of MainUtils class
[.2025-07-28 00:42:45,426]49root -INFO-Entered the save_object method of MainUtils class
[.2025-07-28 00:42:45,450]53root -INFO-Exited the save_object method of MainUtils class
[.2025-07-28 00:47:34,623]874urllib3.connectionpool -WARNING-Retrying (Retry(total=6, connect=7, read=6, redirect=7, status=7)) after connection broken by 'RemoteDisconnected('Remote end closed connection without response')': /BALAKA-BHUVANESWARI/Network-Security.mlflow/api/2.0/mlflow/runs/create
[.2025-07-28 00:48:35,465]49root -INFO-Entered the save_object method of MainUtils class
[.2025-07-28 00:48:35,465]53root -INFO-Exited the save_object method of MainUtils class
[.2025-07-28 00:48:35,465]49root -INFO-Entered the save_object method of MainUtils class
[.2025-07-28 00:48:35,771]53root -INFO-Exited the save_object method of MainUtils class
[.2025-07-28 00:48:35,771]157root -INFO-Model trainer artifact: ModelTrainerArtifact(trained_model_file_path='Artifacts\\07_28_2025_00_41_40\\model_trainer\\trained_model\\model.pkl', train_metric_artifact=ClassificationMetricArtifact(f1_score=0.9907529722589168, precision_score=0.9890444309190505, recall_score=0.9924674267100977), test_metric_artifact=ClassificationMetricArtifact(f1_score=0.9759036144578314, precision_score=0.9759036144578314, recall_score=0.9759036144578314))
