[.2025-07-24 23:56:06,462]1026httpx -INFO-HTTP Request: GET https://dagshub.com/api/v1/user "HTTP/1.1 200 OK"
[.2025-07-24 23:56:06,469]107dagshub -INFO-Accessing as BALAKA-BHUVANESWARI
[.2025-07-24 23:56:07,113]1026httpx -INFO-HTTP Request: GET https://dagshub.com/api/v1/repos/BALAKA-BHUVANESWARI/Network-Security "HTTP/1.1 200 OK"
[.2025-07-24 23:56:07,662]1026httpx -INFO-HTTP Request: GET https://dagshub.com/api/v1/user "HTTP/1.1 200 OK"
[.2025-07-24 23:56:07,666]107dagshub -INFO-Initialized MLflow to track repo "BALAKA-BHUVANESWARI/Network-Security"
[.2025-07-24 23:56:07,667]107dagshub -INFO-Repository BALAKA-BHUVANESWARI/Network-Security initialized!
[.2025-07-24 23:56:07,667]22root -INFO-Initiate the data ingestion
[.2025-07-24 23:56:09,950]68root -INFO-Performed train test split on the dataframe
[.2025-07-24 23:56:09,950]70root -INFO-Exited split_data_as_train_test method of Data_Ingestion class
[.2025-07-24 23:56:09,950]78root -INFO-Exporting train and test file path.
[.2025-07-24 23:56:10,014]87root -INFO-Exported train and test file path.
[.2025-07-24 23:56:10,015]24root -INFO-Data Initiation Completed
[.2025-07-24 23:56:10,057]28root -INFO-Initiate the data Validation
[.2025-07-24 23:56:10,156]32root -INFO-Required number of columns:2
[.2025-07-24 23:56:10,156]33root -INFO-Data frame has columns:31
[.2025-07-24 23:56:10,156]32root -INFO-Required number of columns:2
[.2025-07-24 23:56:10,156]33root -INFO-Data frame has columns:31
[.2025-07-24 23:56:10,319]30root -INFO-data Validation Completed
[.2025-07-24 23:56:10,321]33root -INFO-data Transformation started
[.2025-07-24 23:56:10,321]63root -INFO-Entered initiate_data_transformation method of DataTransformation class
[.2025-07-24 23:56:10,321]65root -INFO-Starting data transformation
[.2025-07-24 23:56:10,353]48root -INFO-Entered get_data_trnasformer_object method of Trnasformation class
[.2025-07-24 23:56:10,353]53root -INFO-Initialise KNNImputer with {'missing_values': nan, 'n_neighbors': 3, 'weights': 'uniform'}
[.2025-07-24 23:56:10,368]49root -INFO-Entered the save_object method of MainUtils class
[.2025-07-24 23:56:10,372]53root -INFO-Exited the save_object method of MainUtils class
[.2025-07-24 23:56:10,372]49root -INFO-Entered the save_object method of MainUtils class
[.2025-07-24 23:56:10,376]53root -INFO-Exited the save_object method of MainUtils class
[.2025-07-24 23:56:10,377]37root -INFO-data Transformation completed
[.2025-07-24 23:56:10,377]39root -INFO-Model Training sstared
