[.2025-07-24 23:20:26,112]1026httpx -INFO-HTTP Request: GET https://dagshub.com/api/v1/user "HTTP/1.1 200 OK"
[.2025-07-24 23:20:26,115]107dagshub -INFO-Accessing as BALAKA-BHUVANESWARI
[.2025-07-24 23:20:27,202]1026httpx -INFO-HTTP Request: GET https://dagshub.com/api/v1/repos/BALAKA-BHUVANESWARI/Network-Security "HTTP/1.1 200 OK"
[.2025-07-24 23:20:28,485]1026httpx -INFO-HTTP Request: GET https://dagshub.com/api/v1/user "HTTP/1.1 200 OK"
[.2025-07-24 23:20:28,490]107dagshub -INFO-Initialized MLflow to track repo "BALAKA-BHUVANESWARI/Network-Security"
[.2025-07-24 23:20:28,492]107dagshub -INFO-Repository BALAKA-BHUVANESWARI/Network-Security initialized!
[.2025-07-24 23:20:28,493]22root -INFO-Initiate the data ingestion
[.2025-07-24 23:20:32,068]68root -INFO-Performed train test split on the dataframe
[.2025-07-24 23:20:32,068]70root -INFO-Exited split_data_as_train_test method of Data_Ingestion class
[.2025-07-24 23:20:32,069]78root -INFO-Exporting train and test file path.
[.2025-07-24 23:20:32,218]87root -INFO-Exported train and test file path.
[.2025-07-24 23:20:32,218]24root -INFO-Data Initiation Completed
[.2025-07-24 23:20:32,262]28root -INFO-Initiate the data Validation
[.2025-07-24 23:20:32,415]32root -INFO-Required number of columns:2
[.2025-07-24 23:20:32,415]33root -INFO-Data frame has columns:31
[.2025-07-24 23:20:32,415]32root -INFO-Required number of columns:2
[.2025-07-24 23:20:32,416]33root -INFO-Data frame has columns:31
[.2025-07-24 23:20:33,350]30root -INFO-data Validation Completed
[.2025-07-24 23:20:33,354]33root -INFO-data Transformation started
[.2025-07-24 23:20:33,354]63root -INFO-Entered initiate_data_transformation method of DataTransformation class
[.2025-07-24 23:20:33,354]65root -INFO-Starting data transformation
[.2025-07-24 23:20:33,431]48root -INFO-Entered get_data_trnasformer_object method of Trnasformation class
[.2025-07-24 23:20:33,431]53root -INFO-Initialise KNNImputer with {'missing_values': nan, 'n_neighbors': 3, 'weights': 'uniform'}
[.2025-07-24 23:20:33,535]49root -INFO-Entered the save_object method of MainUtils class
[.2025-07-24 23:20:33,562]53root -INFO-Exited the save_object method of MainUtils class
[.2025-07-24 23:20:33,563]49root -INFO-Entered the save_object method of MainUtils class
[.2025-07-24 23:20:33,571]53root -INFO-Exited the save_object method of MainUtils class
[.2025-07-24 23:20:33,574]37root -INFO-data Transformation completed
[.2025-07-24 23:20:33,574]39root -INFO-Model Training sstared
