[.2025-07-28 01:32:01,769]1026httpx -INFO-HTTP Request: GET https://dagshub.com/api/v1/user "HTTP/1.1 200 OK"
[.2025-07-28 01:32:01,778]107dagshub -INFO-Accessing as BALAKA-BHUVANESWARI
[.2025-07-28 01:32:02,322]1026httpx -INFO-HTTP Request: GET https://dagshub.com/api/v1/repos/BALAKA-BHUVANESWARI/Network-Security "HTTP/1.1 200 OK"
[.2025-07-28 01:32:02,853]1026httpx -INFO-HTTP Request: GET https://dagshub.com/api/v1/user "HTTP/1.1 200 OK"
[.2025-07-28 01:32:02,855]107dagshub -INFO-Initialized MLflow to track repo "BALAKA-BHUVANESWARI/Network-Security"
[.2025-07-28 01:32:02,855]107dagshub -INFO-Repository BALAKA-BHUVANESWARI/Network-Security initialized!
[.2025-07-28 01:32:06,463]42root -INFO-Start data Ingestion
[.2025-07-28 01:32:08,213]68root -INFO-Performed train test split on the dataframe
[.2025-07-28 01:32:08,213]70root -INFO-Exited split_data_as_train_test method of Data_Ingestion class
[.2025-07-28 01:32:08,213]78root -INFO-Exporting train and test file path.
[.2025-07-28 01:32:08,345]87root -INFO-Exported train and test file path.
[.2025-07-28 01:32:08,346]45root -INFO-Data Ingestion completed and artifact: DataIngestionArtifact(trained_file_path='Artifacts\\07_28_2025_01_31_54\\data_ingestion\\ingested\\train.csv', test_file_path='Artifacts\\07_28_2025_01_31_54\\data_ingestion\\ingested\\test.csv')
[.2025-07-28 01:32:08,363]55root -INFO-Initiate the data Validation
[.2025-07-28 01:32:08,568]32root -INFO-Required number of columns:2
[.2025-07-28 01:32:08,568]33root -INFO-Data frame has columns:31
[.2025-07-28 01:32:08,568]32root -INFO-Required number of columns:2
[.2025-07-28 01:32:08,569]33root -INFO-Data frame has columns:31
[.2025-07-28 01:32:08,811]63root -INFO-Entered initiate_data_transformation method of DataTransformation class
[.2025-07-28 01:32:08,811]65root -INFO-Starting data transformation
[.2025-07-28 01:32:08,845]48root -INFO-Entered get_data_trnasformer_object method of Trnasformation class
[.2025-07-28 01:32:08,845]53root -INFO-Initialise KNNImputer with {'missing_values': nan, 'n_neighbors': 3, 'weights': 'uniform'}
[.2025-07-28 01:32:08,912]49root -INFO-Entered the save_object method of MainUtils class
[.2025-07-28 01:32:08,912]53root -INFO-Exited the save_object method of MainUtils class
[.2025-07-28 01:32:08,912]49root -INFO-Entered the save_object method of MainUtils class
[.2025-07-28 01:32:08,936]53root -INFO-Exited the save_object method of MainUtils class
[.2025-07-28 01:36:29,431]49root -INFO-Entered the save_object method of MainUtils class
[.2025-07-28 01:36:29,432]53root -INFO-Exited the save_object method of MainUtils class
[.2025-07-28 01:36:29,432]49root -INFO-Entered the save_object method of MainUtils class
[.2025-07-28 01:36:29,453]53root -INFO-Exited the save_object method of MainUtils class
[.2025-07-28 01:36:29,453]157root -INFO-Model trainer artifact: ModelTrainerArtifact(trained_model_file_path='Artifacts\\07_28_2025_01_31_54\\model_trainer\\trained_model\\model.pkl', train_metric_artifact=ClassificationMetricArtifact(f1_score=0.9912271856408188, precision_score=0.9891326222579996, recall_score=0.9933306386418755), test_metric_artifact=ClassificationMetricArtifact(f1_score=0.9754500818330606, precision_score=0.9651821862348178, recall_score=0.9859387923904053))
