[.2025-07-24 17:59:15,991]1026httpx -INFO-HTTP Request: GET https://dagshub.com/api/v1/user "HTTP/1.1 200 OK"
[.2025-07-24 17:59:15,991]107dagshub -INFO-Accessing as BALAKA-BHUVANESWARI
[.2025-07-24 17:59:16,588]1026httpx -INFO-HTTP Request: GET https://dagshub.com/api/v1/repos/BALAKA-BHUVANESWARI/Network-Security "HTTP/1.1 200 OK"
[.2025-07-24 17:59:17,203]1026httpx -INFO-HTTP Request: GET https://dagshub.com/api/v1/user "HTTP/1.1 200 OK"
[.2025-07-24 17:59:17,219]107dagshub -INFO-Initialized MLflow to track repo "BALAKA-BHUVANESWARI/Network-Security"
[.2025-07-24 17:59:17,219]107dagshub -INFO-Repository BALAKA-BHUVANESWARI/Network-Security initialized!
[.2025-07-24 17:59:17,219]22root -INFO-Initiate the data ingestion
[.2025-07-24 17:59:20,742]68root -INFO-Performed train test split on the dataframe
[.2025-07-24 17:59:20,742]70root -INFO-Exited split_data_as_train_test method of Data_Ingestion class
[.2025-07-24 17:59:20,742]78root -INFO-Exporting train and test file path.
[.2025-07-24 17:59:20,805]87root -INFO-Exported train and test file path.
[.2025-07-24 17:59:20,805]24root -INFO-Data Initiation Completed
[.2025-07-24 17:59:20,809]28root -INFO-Initiate the data Validation
[.2025-07-24 17:59:20,868]32root -INFO-Required number of columns:2
[.2025-07-24 17:59:20,868]33root -INFO-Data frame has columns:31
[.2025-07-24 17:59:20,868]32root -INFO-Required number of columns:2
[.2025-07-24 17:59:20,868]33root -INFO-Data frame has columns:31
[.2025-07-24 17:59:20,981]30root -INFO-data Validation Completed
[.2025-07-24 17:59:20,990]33root -INFO-data Transformation started
[.2025-07-24 17:59:20,990]63root -INFO-Entered initiate_data_transformation method of DataTransformation class
[.2025-07-24 17:59:20,990]65root -INFO-Starting data transformation
[.2025-07-24 17:59:21,014]48root -INFO-Entered get_data_trnasformer_object method of Trnasformation class
[.2025-07-24 17:59:21,014]53root -INFO-Initialise KNNImputer with {'missing_values': nan, 'n_neighbors': 3, 'weights': 'uniform'}
[.2025-07-24 17:59:21,014]49root -INFO-Entered the save_object method of MainUtils class
[.2025-07-24 17:59:21,030]53root -INFO-Exited the save_object method of MainUtils class
[.2025-07-24 17:59:21,032]49root -INFO-Entered the save_object method of MainUtils class
[.2025-07-24 17:59:21,035]53root -INFO-Exited the save_object method of MainUtils class
[.2025-07-24 17:59:21,037]37root -INFO-data Transformation completed
[.2025-07-24 17:59:21,037]39root -INFO-Model Training sstared
[.2025-07-24 17:59:21,037]44root -INFO-Model Training artifact created
