[.2025-07-24 22:46:17,794]1026httpx -INFO-HTTP Request: GET https://dagshub.com/api/v1/user "HTTP/1.1 200 OK"
[.2025-07-24 22:46:17,807]107dagshub -INFO-Accessing as BALAKA-BHUVANESWARI
[.2025-07-24 22:46:18,508]1026httpx -INFO-HTTP Request: GET https://dagshub.com/api/v1/repos/BALAKA-BHUVANESWARI/Network-Security "HTTP/1.1 200 OK"
[.2025-07-24 22:46:19,194]1026httpx -INFO-HTTP Request: GET https://dagshub.com/api/v1/user "HTTP/1.1 200 OK"
[.2025-07-24 22:46:19,194]107dagshub -INFO-Initialized MLflow to track repo "BALAKA-BHUVANESWARI/Network-Security"
[.2025-07-24 22:46:19,194]107dagshub -INFO-Repository BALAKA-BHUVANESWARI/Network-Security initialized!
[.2025-07-24 22:46:19,202]22root -INFO-Initiate the data ingestion
[.2025-07-24 22:46:21,167]68root -INFO-Performed train test split on the dataframe
[.2025-07-24 22:46:21,167]70root -INFO-Exited split_data_as_train_test method of Data_Ingestion class
[.2025-07-24 22:46:21,167]78root -INFO-Exporting train and test file path.
[.2025-07-24 22:46:21,244]87root -INFO-Exported train and test file path.
[.2025-07-24 22:46:21,244]24root -INFO-Data Initiation Completed
[.2025-07-24 22:46:21,252]28root -INFO-Initiate the data Validation
[.2025-07-24 22:46:21,424]32root -INFO-Required number of columns:2
[.2025-07-24 22:46:21,424]33root -INFO-Data frame has columns:31
[.2025-07-24 22:46:21,424]32root -INFO-Required number of columns:2
[.2025-07-24 22:46:21,424]33root -INFO-Data frame has columns:31
[.2025-07-24 22:46:21,619]30root -INFO-data Validation Completed
[.2025-07-24 22:46:21,621]33root -INFO-data Transformation started
[.2025-07-24 22:46:21,621]63root -INFO-Entered initiate_data_transformation method of DataTransformation class
[.2025-07-24 22:46:21,621]65root -INFO-Starting data transformation
[.2025-07-24 22:46:21,654]48root -INFO-Entered get_data_trnasformer_object method of Trnasformation class
[.2025-07-24 22:46:21,654]53root -INFO-Initialise KNNImputer with {'missing_values': nan, 'n_neighbors': 3, 'weights': 'uniform'}
[.2025-07-24 22:46:21,664]49root -INFO-Entered the save_object method of MainUtils class
[.2025-07-24 22:46:21,670]53root -INFO-Exited the save_object method of MainUtils class
[.2025-07-24 22:46:21,670]49root -INFO-Entered the save_object method of MainUtils class
[.2025-07-24 22:46:21,674]53root -INFO-Exited the save_object method of MainUtils class
[.2025-07-24 22:46:21,674]37root -INFO-data Transformation completed
[.2025-07-24 22:46:21,674]39root -INFO-Model Training sstared
[.2025-07-24 22:46:21,674]43root -INFO-Model Training artifact created
