[.2025-07-28 01:40:49,155]1026httpx -INFO-HTTP Request: GET https://dagshub.com/api/v1/user "HTTP/1.1 200 OK"
[.2025-07-28 01:40:49,171]107dagshub -INFO-Accessing as BALAKA-BHUVANESWARI
[.2025-07-28 01:40:49,802]1026httpx -INFO-HTTP Request: GET https://dagshub.com/api/v1/repos/BALAKA-BHUVANESWARI/Network-Security "HTTP/1.1 200 OK"
[.2025-07-28 01:40:50,391]1026httpx -INFO-HTTP Request: GET https://dagshub.com/api/v1/user "HTTP/1.1 200 OK"
[.2025-07-28 01:40:50,394]107dagshub -INFO-Initialized MLflow to track repo "BALAKA-BHUVANESWARI/Network-Security"
[.2025-07-28 01:40:50,395]107dagshub -INFO-Repository BALAKA-BHUVANESWARI/Network-Security initialized!
[.2025-07-28 01:40:51,403]42root -INFO-Start data Ingestion
[.2025-07-28 01:40:54,101]68root -INFO-Performed train test split on the dataframe
[.2025-07-28 01:40:54,101]70root -INFO-Exited split_data_as_train_test method of Data_Ingestion class
[.2025-07-28 01:40:54,103]78root -INFO-Exporting train and test file path.
[.2025-07-28 01:40:54,329]87root -INFO-Exported train and test file path.
[.2025-07-28 01:40:54,329]45root -INFO-Data Ingestion completed and artifact: DataIngestionArtifact(trained_file_path='Artifacts\\07_28_2025_01_40_43\\data_ingestion\\ingested\\train.csv', test_file_path='Artifacts\\07_28_2025_01_40_43\\data_ingestion\\ingested\\test.csv')
[.2025-07-28 01:40:54,374]55root -INFO-Initiate the data Validation
[.2025-07-28 01:40:54,538]32root -INFO-Required number of columns:2
[.2025-07-28 01:40:54,539]33root -INFO-Data frame has columns:31
[.2025-07-28 01:40:54,539]32root -INFO-Required number of columns:2
[.2025-07-28 01:40:54,539]33root -INFO-Data frame has columns:31
[.2025-07-28 01:40:54,940]63root -INFO-Entered initiate_data_transformation method of DataTransformation class
[.2025-07-28 01:40:54,940]65root -INFO-Starting data transformation
[.2025-07-28 01:40:54,994]48root -INFO-Entered get_data_trnasformer_object method of Trnasformation class
[.2025-07-28 01:40:54,994]53root -INFO-Initialise KNNImputer with {'missing_values': nan, 'n_neighbors': 3, 'weights': 'uniform'}
[.2025-07-28 01:40:55,019]49root -INFO-Entered the save_object method of MainUtils class
[.2025-07-28 01:40:55,024]53root -INFO-Exited the save_object method of MainUtils class
[.2025-07-28 01:40:55,025]49root -INFO-Entered the save_object method of MainUtils class
[.2025-07-28 01:40:55,026]53root -INFO-Exited the save_object method of MainUtils class
[.2025-07-28 01:45:06,449]49root -INFO-Entered the save_object method of MainUtils class
[.2025-07-28 01:45:06,451]53root -INFO-Exited the save_object method of MainUtils class
[.2025-07-28 01:45:06,451]49root -INFO-Entered the save_object method of MainUtils class
[.2025-07-28 01:45:06,526]53root -INFO-Exited the save_object method of MainUtils class
[.2025-07-28 01:45:06,526]157root -INFO-Model trainer artifact: ModelTrainerArtifact(trained_model_file_path='Artifacts\\07_28_2025_01_40_43\\model_trainer\\trained_model\\model.pkl', train_metric_artifact=ClassificationMetricArtifact(f1_score=0.9911630269172169, precision_score=0.9914651493598862, recall_score=0.9908610885458976), test_metric_artifact=ClassificationMetricArtifact(f1_score=0.9726468222043443, precision_score=0.9648842777334398, recall_score=0.9805352798053528))
