[.2025-07-24 23:09:07,610]1026httpx -INFO-HTTP Request: GET https://dagshub.com/api/v1/user "HTTP/1.1 200 OK"
[.2025-07-24 23:09:07,617]107dagshub -INFO-Accessing as BALAKA-BHUVANESWARI
[.2025-07-24 23:09:09,031]1026httpx -INFO-HTTP Request: GET https://dagshub.com/api/v1/repos/BALAKA-BHUVANESWARI/Network-Security "HTTP/1.1 200 OK"
[.2025-07-24 23:09:10,368]1026httpx -INFO-HTTP Request: GET https://dagshub.com/api/v1/user "HTTP/1.1 200 OK"
[.2025-07-24 23:09:10,373]107dagshub -INFO-Initialized MLflow to track repo "BALAKA-BHUVANESWARI/Network-Security"
[.2025-07-24 23:09:10,374]107dagshub -INFO-Repository BALAKA-BHUVANESWARI/Network-Security initialized!
[.2025-07-24 23:09:10,374]22root -INFO-Initiate the data ingestion
[.2025-07-24 23:09:14,325]68root -INFO-Performed train test split on the dataframe
[.2025-07-24 23:09:14,325]70root -INFO-Exited split_data_as_train_test method of Data_Ingestion class
[.2025-07-24 23:09:14,325]78root -INFO-Exporting train and test file path.
[.2025-07-24 23:09:14,564]87root -INFO-Exported train and test file path.
[.2025-07-24 23:09:14,566]24root -INFO-Data Initiation Completed
[.2025-07-24 23:09:14,581]28root -INFO-Initiate the data Validation
[.2025-07-24 23:09:14,887]32root -INFO-Required number of columns:2
[.2025-07-24 23:09:14,887]33root -INFO-Data frame has columns:31
[.2025-07-24 23:09:14,887]32root -INFO-Required number of columns:2
[.2025-07-24 23:09:14,887]33root -INFO-Data frame has columns:31
[.2025-07-24 23:09:15,454]30root -INFO-data Validation Completed
[.2025-07-24 23:09:15,454]33root -INFO-data Transformation started
[.2025-07-24 23:09:15,454]63root -INFO-Entered initiate_data_transformation method of DataTransformation class
[.2025-07-24 23:09:15,454]65root -INFO-Starting data transformation
[.2025-07-24 23:09:15,547]48root -INFO-Entered get_data_trnasformer_object method of Trnasformation class
[.2025-07-24 23:09:15,548]53root -INFO-Initialise KNNImputer with {'missing_values': nan, 'n_neighbors': 3, 'weights': 'uniform'}
[.2025-07-24 23:09:15,589]49root -INFO-Entered the save_object method of MainUtils class
[.2025-07-24 23:09:15,605]53root -INFO-Exited the save_object method of MainUtils class
[.2025-07-24 23:09:15,605]49root -INFO-Entered the save_object method of MainUtils class
[.2025-07-24 23:09:15,613]53root -INFO-Exited the save_object method of MainUtils class
[.2025-07-24 23:09:15,617]37root -INFO-data Transformation completed
[.2025-07-24 23:09:15,617]39root -INFO-Model Training sstared
