[.2025-07-25 01:06:22,783]1026httpx -INFO-HTTP Request: GET https://dagshub.com/api/v1/user "HTTP/1.1 200 OK"
[.2025-07-25 01:06:22,793]107dagshub -INFO-Accessing as BALAKA-BHUVANESWARI
[.2025-07-25 01:06:23,443]1026httpx -INFO-HTTP Request: GET https://dagshub.com/api/v1/repos/BALAKA-BHUVANESWARI/Network-Security "HTTP/1.1 200 OK"
[.2025-07-25 01:06:24,113]1026httpx -INFO-HTTP Request: GET https://dagshub.com/api/v1/user "HTTP/1.1 200 OK"
[.2025-07-25 01:06:24,117]107dagshub -INFO-Initialized MLflow to track repo "BALAKA-BHUVANESWARI/Network-Security"
[.2025-07-25 01:06:24,117]107dagshub -INFO-Repository BALAKA-BHUVANESWARI/Network-Security initialized!
[.2025-07-25 01:06:24,117]22root -INFO-Initiate the data ingestion
[.2025-07-25 01:06:26,338]68root -INFO-Performed train test split on the dataframe
[.2025-07-25 01:06:26,339]70root -INFO-Exited split_data_as_train_test method of Data_Ingestion class
[.2025-07-25 01:06:26,339]78root -INFO-Exporting train and test file path.
[.2025-07-25 01:06:26,416]87root -INFO-Exported train and test file path.
[.2025-07-25 01:06:26,417]24root -INFO-Data Initiation Completed
[.2025-07-25 01:06:26,425]28root -INFO-Initiate the data Validation
[.2025-07-25 01:06:26,540]32root -INFO-Required number of columns:2
[.2025-07-25 01:06:26,540]33root -INFO-Data frame has columns:31
[.2025-07-25 01:06:26,540]32root -INFO-Required number of columns:2
[.2025-07-25 01:06:26,540]33root -INFO-Data frame has columns:31
[.2025-07-25 01:06:26,731]30root -INFO-data Validation Completed
[.2025-07-25 01:06:26,733]33root -INFO-data Transformation started
[.2025-07-25 01:06:26,733]63root -INFO-Entered initiate_data_transformation method of DataTransformation class
[.2025-07-25 01:06:26,733]65root -INFO-Starting data transformation
[.2025-07-25 01:06:26,776]48root -INFO-Entered get_data_trnasformer_object method of Trnasformation class
[.2025-07-25 01:06:26,777]53root -INFO-Initialise KNNImputer with {'missing_values': nan, 'n_neighbors': 3, 'weights': 'uniform'}
[.2025-07-25 01:06:26,793]49root -INFO-Entered the save_object method of MainUtils class
[.2025-07-25 01:06:26,798]53root -INFO-Exited the save_object method of MainUtils class
[.2025-07-25 01:06:26,798]49root -INFO-Entered the save_object method of MainUtils class
[.2025-07-25 01:06:26,802]53root -INFO-Exited the save_object method of MainUtils class
[.2025-07-25 01:06:26,803]37root -INFO-data Transformation completed
[.2025-07-25 01:06:26,803]39root -INFO-Model Training sstared
