[.2025-07-28 00:55:14,235]1026httpx -INFO-HTTP Request: GET https://dagshub.com/api/v1/user "HTTP/1.1 200 OK"
[.2025-07-28 00:55:14,246]107dagshub -INFO-Accessing as BALAKA-BHUVANESWARI
[.2025-07-28 00:55:15,188]1026httpx -INFO-HTTP Request: GET https://dagshub.com/api/v1/repos/BALAKA-BHUVANESWARI/Network-Security "HTTP/1.1 200 OK"
[.2025-07-28 00:55:15,959]1026httpx -INFO-HTTP Request: GET https://dagshub.com/api/v1/user "HTTP/1.1 200 OK"
[.2025-07-28 00:55:15,962]107dagshub -INFO-Initialized MLflow to track repo "BALAKA-BHUVANESWARI/Network-Security"
[.2025-07-28 00:55:15,963]107dagshub -INFO-Repository BALAKA-BHUVANESWARI/Network-Security initialized!
[.2025-07-28 00:55:29,157]42root -INFO-Start data Ingestion
[.2025-07-28 00:55:31,470]68root -INFO-Performed train test split on the dataframe
[.2025-07-28 00:55:31,470]70root -INFO-Exited split_data_as_train_test method of Data_Ingestion class
[.2025-07-28 00:55:31,471]78root -INFO-Exporting train and test file path.
[.2025-07-28 00:55:31,544]87root -INFO-Exported train and test file path.
[.2025-07-28 00:55:31,544]45root -INFO-Data Ingestion completed and artifact: DataIngestionArtifact(trained_file_path='Artifacts\\07_28_2025_00_55_08\\data_ingestion\\ingested\\train.csv', test_file_path='Artifacts\\07_28_2025_00_55_08\\data_ingestion\\ingested\\test.csv')
[.2025-07-28 00:55:31,576]55root -INFO-Initiate the data Validation
[.2025-07-28 00:55:31,702]32root -INFO-Required number of columns:2
[.2025-07-28 00:55:31,702]33root -INFO-Data frame has columns:31
[.2025-07-28 00:55:31,702]32root -INFO-Required number of columns:2
[.2025-07-28 00:55:31,702]33root -INFO-Data frame has columns:31
[.2025-07-28 00:55:31,957]63root -INFO-Entered initiate_data_transformation method of DataTransformation class
[.2025-07-28 00:55:31,958]65root -INFO-Starting data transformation
[.2025-07-28 00:55:32,000]48root -INFO-Entered get_data_trnasformer_object method of Trnasformation class
[.2025-07-28 00:55:32,000]53root -INFO-Initialise KNNImputer with {'missing_values': nan, 'n_neighbors': 3, 'weights': 'uniform'}
[.2025-07-28 00:55:32,045]49root -INFO-Entered the save_object method of MainUtils class
[.2025-07-28 00:55:32,054]53root -INFO-Exited the save_object method of MainUtils class
[.2025-07-28 00:55:32,054]49root -INFO-Entered the save_object method of MainUtils class
[.2025-07-28 00:55:32,058]53root -INFO-Exited the save_object method of MainUtils class
[.2025-07-28 00:59:46,015]874urllib3.connectionpool -WARNING-Retrying (Retry(total=6, connect=7, read=6, redirect=7, status=7)) after connection broken by 'RemoteDisconnected('Remote end closed connection without response')': /BALAKA-BHUVANESWARI/Network-Security.mlflow/api/2.0/mlflow/runs/create
[.2025-07-28 01:00:32,117]49root -INFO-Entered the save_object method of MainUtils class
[.2025-07-28 01:00:32,118]53root -INFO-Exited the save_object method of MainUtils class
[.2025-07-28 01:00:32,118]49root -INFO-Entered the save_object method of MainUtils class
[.2025-07-28 01:00:32,170]53root -INFO-Exited the save_object method of MainUtils class
[.2025-07-28 01:00:32,171]157root -INFO-Model trainer artifact: ModelTrainerArtifact(trained_model_file_path='Artifacts\\07_28_2025_00_55_08\\model_trainer\\trained_model\\model.pkl', train_metric_artifact=ClassificationMetricArtifact(f1_score=0.9905612503805947, precision_score=0.9886547811993517, recall_score=0.992475086434818), test_metric_artifact=ClassificationMetricArtifact(f1_score=0.9715886354541817, precision_score=0.9642573471008737, recall_score=0.9790322580645161))
