[.2025-07-25 14:56:26,767]1026httpx -INFO-HTTP Request: GET https://dagshub.com/api/v1/user "HTTP/1.1 200 OK"
[.2025-07-25 14:56:26,777]107dagshub -INFO-Accessing as BALAKA-BHUVANESWARI
[.2025-07-25 14:56:27,740]1026httpx -INFO-HTTP Request: GET https://dagshub.com/api/v1/repos/BALAKA-BHUVANESWARI/Network-Security "HTTP/1.1 200 OK"
[.2025-07-25 14:56:28,663]1026httpx -INFO-HTTP Request: GET https://dagshub.com/api/v1/user "HTTP/1.1 200 OK"
[.2025-07-25 14:56:28,671]107dagshub -INFO-Initialized MLflow to track repo "BALAKA-BHUVANESWARI/Network-Security"
[.2025-07-25 14:56:28,671]107dagshub -INFO-Repository BALAKA-BHUVANESWARI/Network-Security initialized!
[.2025-07-25 14:56:28,671]22root -INFO-Initiate the data ingestion
[.2025-07-25 14:56:31,062]68root -INFO-Performed train test split on the dataframe
[.2025-07-25 14:56:31,062]70root -INFO-Exited split_data_as_train_test method of Data_Ingestion class
[.2025-07-25 14:56:31,062]78root -INFO-Exporting train and test file path.
[.2025-07-25 14:56:31,118]87root -INFO-Exported train and test file path.
[.2025-07-25 14:56:31,120]24root -INFO-Data Initiation Completed
[.2025-07-25 14:56:31,125]28root -INFO-Initiate the data Validation
[.2025-07-25 14:56:31,235]32root -INFO-Required number of columns:2
[.2025-07-25 14:56:31,235]33root -INFO-Data frame has columns:31
[.2025-07-25 14:56:31,235]32root -INFO-Required number of columns:2
[.2025-07-25 14:56:31,235]33root -INFO-Data frame has columns:31
[.2025-07-25 14:56:31,432]30root -INFO-data Validation Completed
[.2025-07-25 14:56:31,435]33root -INFO-data Transformation started
[.2025-07-25 14:56:31,435]63root -INFO-Entered initiate_data_transformation method of DataTransformation class
[.2025-07-25 14:56:31,435]65root -INFO-Starting data transformation
[.2025-07-25 14:56:31,471]48root -INFO-Entered get_data_trnasformer_object method of Trnasformation class
[.2025-07-25 14:56:31,471]53root -INFO-Initialise KNNImputer with {'missing_values': nan, 'n_neighbors': 3, 'weights': 'uniform'}
[.2025-07-25 14:56:31,490]49root -INFO-Entered the save_object method of MainUtils class
[.2025-07-25 14:56:31,494]53root -INFO-Exited the save_object method of MainUtils class
[.2025-07-25 14:56:31,494]49root -INFO-Entered the save_object method of MainUtils class
[.2025-07-25 14:56:31,496]53root -INFO-Exited the save_object method of MainUtils class
[.2025-07-25 14:56:31,498]37root -INFO-data Transformation completed
[.2025-07-25 14:56:31,498]39root -INFO-Model Training sstared
