[.2025-07-24 14:33:36,782]1025httpx -INFO-HTTP Request: GET https://dagshub.com/api/v1/user "HTTP/1.1 200 OK"
[.2025-07-24 14:33:36,788]107dagshub -INFO-Accessing as BALAKA-BHUVANESWARI
[.2025-07-24 14:33:37,386]1025httpx -INFO-HTTP Request: GET https://dagshub.com/api/v1/repos/BALAKA-BHUVANESWARI/Network-Security "HTTP/1.1 200 OK"
[.2025-07-24 14:33:37,972]1025httpx -INFO-HTTP Request: GET https://dagshub.com/api/v1/user "HTTP/1.1 200 OK"
[.2025-07-24 14:33:37,974]107dagshub -INFO-Initialized MLflow to track repo "BALAKA-BHUVANESWARI/Network-Security"
[.2025-07-24 14:33:37,975]107dagshub -INFO-Repository BALAKA-BHUVANESWARI/Network-Security initialized!
[.2025-07-24 14:33:37,976]22root -INFO-Initiate the data ingestion
[.2025-07-24 14:33:39,723]68root -INFO-Performed train test split on the dataframe
[.2025-07-24 14:33:39,723]70root -INFO-Exited split_data_as_train_test method of Data_Ingestion class
[.2025-07-24 14:33:39,724]78root -INFO-Exporting train and test file path.
[.2025-07-24 14:33:39,768]87root -INFO-Exported train and test file path.
[.2025-07-24 14:33:39,768]24root -INFO-Data Initiation Completed
[.2025-07-24 14:33:39,773]28root -INFO-Initiate the data Validation
[.2025-07-24 14:33:39,825]32root -INFO-Required number of columns:2
[.2025-07-24 14:33:39,825]33root -INFO-Data frame has columns:31
[.2025-07-24 14:33:39,825]32root -INFO-Required number of columns:2
[.2025-07-24 14:33:39,825]33root -INFO-Data frame has columns:31
[.2025-07-24 14:33:40,035]30root -INFO-data Validation Completed
[.2025-07-24 14:33:40,035]33root -INFO-data Transformation started
[.2025-07-24 14:33:40,035]63root -INFO-Entered initiate_data_transformation method of DataTransformation class
[.2025-07-24 14:33:40,035]65root -INFO-Starting data transformation
[.2025-07-24 14:33:40,065]48root -INFO-Entered get_data_trnasformer_object method of Trnasformation class
[.2025-07-24 14:33:40,065]53root -INFO-Initialise KNNImputer with {'missing_values': nan, 'n_neighbors': 3, 'weights': 'uniform'}
[.2025-07-24 14:33:40,082]49root -INFO-Entered the save_object method of MainUtils class
[.2025-07-24 14:33:40,084]53root -INFO-Exited the save_object method of MainUtils class
[.2025-07-24 14:33:40,084]49root -INFO-Entered the save_object method of MainUtils class
[.2025-07-24 14:33:40,087]53root -INFO-Exited the save_object method of MainUtils class
[.2025-07-24 14:33:40,088]37root -INFO-data Transformation completed
[.2025-07-24 14:33:40,088]39root -INFO-Model Training sstared
