[.2025-07-24 15:45:21,593]1025httpx -INFO-HTTP Request: GET https://dagshub.com/api/v1/user "HTTP/1.1 200 OK"
[.2025-07-24 15:45:21,602]107dagshub -INFO-Accessing as BALAKA-BHUVANESWARI
[.2025-07-24 15:45:22,394]1025httpx -INFO-HTTP Request: GET https://dagshub.com/api/v1/repos/BALAKA-BHUVANESWARI/Network-Security "HTTP/1.1 200 OK"
[.2025-07-24 15:45:23,124]1025httpx -INFO-HTTP Request: GET https://dagshub.com/api/v1/user "HTTP/1.1 200 OK"
[.2025-07-24 15:45:23,124]107dagshub -INFO-Initialized MLflow to track repo "BALAKA-BHUVANESWARI/Network-Security"
[.2025-07-24 15:45:23,139]107dagshub -INFO-Repository BALAKA-BHUVANESWARI/Network-Security initialized!
[.2025-07-24 15:45:23,139]22root -INFO-Initiate the data ingestion
[.2025-07-24 15:45:25,916]68root -INFO-Performed train test split on the dataframe
[.2025-07-24 15:45:25,916]70root -INFO-Exited split_data_as_train_test method of Data_Ingestion class
[.2025-07-24 15:45:25,916]78root -INFO-Exporting train and test file path.
[.2025-07-24 15:45:25,973]87root -INFO-Exported train and test file path.
[.2025-07-24 15:45:25,973]24root -INFO-Data Initiation Completed
[.2025-07-24 15:45:25,995]28root -INFO-Initiate the data Validation
[.2025-07-24 15:45:26,119]32root -INFO-Required number of columns:2
[.2025-07-24 15:45:26,119]33root -INFO-Data frame has columns:31
[.2025-07-24 15:45:26,119]32root -INFO-Required number of columns:2
[.2025-07-24 15:45:26,119]33root -INFO-Data frame has columns:31
[.2025-07-24 15:45:26,414]30root -INFO-data Validation Completed
[.2025-07-24 15:45:26,414]33root -INFO-data Transformation started
[.2025-07-24 15:45:26,414]63root -INFO-Entered initiate_data_transformation method of DataTransformation class
[.2025-07-24 15:45:26,414]65root -INFO-Starting data transformation
[.2025-07-24 15:45:26,454]48root -INFO-Entered get_data_trnasformer_object method of Trnasformation class
[.2025-07-24 15:45:26,454]53root -INFO-Initialise KNNImputer with {'missing_values': nan, 'n_neighbors': 3, 'weights': 'uniform'}
[.2025-07-24 15:45:26,465]49root -INFO-Entered the save_object method of MainUtils class
[.2025-07-24 15:45:26,474]53root -INFO-Exited the save_object method of MainUtils class
[.2025-07-24 15:45:26,474]49root -INFO-Entered the save_object method of MainUtils class
[.2025-07-24 15:45:26,479]53root -INFO-Exited the save_object method of MainUtils class
[.2025-07-24 15:45:26,482]37root -INFO-data Transformation completed
[.2025-07-24 15:45:26,482]39root -INFO-Model Training sstared
